0	1	mikroCPIC1618.exe -MSF -DBG -pP18F2550 -RA -GC -DL -O11111114 -fo48 -N"C:\Users\Vergilium\Desktop\GameTerminal\USB HID Bootloader\Projects\PIC18F\USB HID Bootloader.mcppi" -EH"C:\Users\Vergilium\Desktop\GameTerminal\USB HID Bootloader\Projects\PIC18F\USB HID Bootloader.ihex" -SP"C:\Program Files (x86)\mikroC PRO for PIC\Defs\" -SP"C:\Program Files (x86)\mikroC PRO for PIC\uses\P18\" -SP"C:\Users\Vergilium\Desktop\GameTerminal\USB HID Bootloader\Projects\PIC18F\" -SP"C:\Users\Vergilium\Desktop\GameTerminal\USB HID Bootloader\Projects\Common Files\" -SP"C:\Users\Vergilium\Desktop\GameTerminal\USB HID Bootloader\Driver\" -IP"C:\Users\Vergilium\Desktop\GameTerminal\USB HID Bootloader\Projects\Common Files\" -IP"C:\Users\Vergilium\Desktop\GameTerminal\USB HID Bootloader\Projects\PIC18F\" -IP"C:\Users\Vergilium\Desktop\GameTerminal\USB HID Bootloader\Driver\" "Main.c" "Config.c" "UHB_Driver.c" "USBdsc.c" "__Lib_Math.mcl" "__Lib_MathDouble.mcl" "__Lib_System.mcl" "__Lib_Delays.mcl" "__Lib_Button.mcl" "__Lib_EEPROM_256.mcl" "__Lib_FLASH_w32_e64.mcl" "__Lib_USB_genHID.mcl"	 
hint: 0	1139	Available RAM: 2027 [bytes], Available ROM: 32768 [bytes]	 
diagnostics: 0	122	Compilation Started	P18F2550.c
diagnostics: 1411	123	Compiled Successfully	P18F2550.c
diagnostics: 0	122	Compilation Started	__Lib_Delays.c
diagnostics: 172	123	Compiled Successfully	__Lib_Delays.c
diagnostics: 0	122	Compilation Started	types.h
diagnostics: 99	123	Compiled Successfully	Main.c
diagnostics: 0	122	Compilation Started	main.h
diagnostics: 139	123	Compiled Successfully	Config.c
diagnostics: 0	122	Compilation Started	types.h
hint: 244	1354	argument may be out of range []	UHB_Driver.c
hint: 383	1354	argument may be out of range [CmdCode]	UHB_Driver.c
hint: 417	1354	argument may be out of range [CmdCode]	UHB_Driver.c
hint: 422	1354	argument may be out of range [CmdCode]	UHB_Driver.c
hint: 486	1354	argument may be out of range [CmdCode]	UHB_Driver.c
diagnostics: 545	123	Compiled Successfully	UHB_Driver.c
hint: 355	1164	Variable 'dataRx' has been eliminated by optimizer	UHB_Driver.c
hint: 474	1164	Variable 'dataRx' has been eliminated by optimizer	UHB_Driver.c
diagnostics: 0	122	Compilation Started	USBdsc.c
diagnostics: 166	123	Compiled Successfully	USBdsc.c
diagnostics: 0	127	All files Compiled in 312 ms	 
hint: 0	1144	Used RAM (bytes): 553 (27%)  Free RAM (bytes): 1474 (73%)	Used RAM (bytes): 553 (27%)  Free RAM (bytes): 1474 (73%)
hint: 0	1144	Used ROM (bytes): 6536 (20%)  Free ROM (bytes): 26232 (80%)	Used ROM (bytes): 6536 (20%)  Free ROM (bytes): 26232 (80%)
diagnostics: 0	125	Project Linked Successfully	USB HID Bootloader.mcppi
hint: 0	1004	COFF file successfully generated	COFF file successfully generated
diagnostics: 0	128	Linked in 827 ms	 
diagnostics: 0	129	Project 'USB HID Bootloader.mcppi' completed: 1545 ms	 
diagnostics: 0	103	Finished successfully: 30 окт 2017, 16:32:40	USB HID Bootloader.mcppi
